Calibrating flow...
flow_df: (96, 2404)
Total flow: 95
road_adj: (2404, 2404)
Model: MA, Prediction window: 1
MAE: 0.000, MAPE: nan, RMSE: 0.000, Time spent: 0.00 s
Saving results...
>> Overall. MAE: 0.000, MAPE: nan, RMSE: 0.000
flow_df: (96, 2404)
Total flow: 95
road_adj: (2404, 2404)
Model: MA, Prediction window: 1
MAE: 0.000, MAPE: nan, RMSE: 0.000, Time spent: 0.00 s
Saving results...
flow_df: (96, 2404)
Total flow: 95
road_adj: (2404, 2404)
Model: MA, Prediction window: 1
MAE: 0.000, MAPE: nan, RMSE: 0.000, Time spent: 0.00 s
Saving results...
flow_df: (96, 2404)
Total flow: 95
road_adj: (2404, 2404)
Model: MA, Prediction window: 1
MAE: 0.000, MAPE: nan, RMSE: 0.000, Time spent: 0.00 s
Saving results...
