Reading road list
Road list exists
Creating empty total_trajectory_transition
Date 20160314
Reading recovered_trajectory_df
Time spent till now: 0.00 seconds
Extracting road index
Time spent till now: 0.01 seconds
Extracting time_index
Time spent till now: 0.01 seconds
Creating empty trajectory_transition
Time spent till now: 0.01 seconds
Calculating trajectory_transition
0 at 0.01 seconds
Time spent till now: 0.03 seconds
Saving trajectory_transition
Time spent till now: 1.41 seconds
Merging trajectory transition
Total count: 91
Saving total_trajectory_transition
